<?xml version="1.0" encoding="UTF-8"?>
<testng-results skipped="0" failed="0" ignored="0" total="1" passed="1">
  <reporter-output>
  </reporter-output>
  <suite name="Default suite" duration-ms="18356" started-at="2021-03-07T02:49:13Z" finished-at="2021-03-07T02:49:32Z">
    <groups>
      <group name="cucumber">
        <method signature="TestRunner.feature(cucumber.api.testng.CucumberFeatureWrapper)[pri:0, instance:Runner.TestRunner@5700d6b1]" name="feature" class="Runner.TestRunner"/>
      </group> <!-- cucumber -->
    </groups>
    <test name="Default test" duration-ms="18356" started-at="2021-03-07T02:49:13Z" finished-at="2021-03-07T02:49:32Z">
      <class name="Runner.TestRunner">
        <test-method status="PASS" signature="setUpClass()[pri:0, instance:Runner.TestRunner@5700d6b1]" name="setUpClass" is-config="true" duration-ms="389" started-at="2021-03-07T02:49:13Z" finished-at="2021-03-07T02:49:14Z">
          <reporter-output>
          </reporter-output>
        </test-method> <!-- setUpClass -->
        <test-method status="PASS" signature="feature(cucumber.api.testng.CucumberFeatureWrapper)[pri:0, instance:Runner.TestRunner@5700d6b1]" name="feature" duration-ms="17777" started-at="2021-03-07T02:49:14Z" description="Runs Cucumber Feature" data-provider="features" finished-at="2021-03-07T02:49:31Z">
          <params>
            <param index="0">
              <value>
                <![CDATA[Flights booking and search]]>
              </value>
            </param>
          </params>
          <reporter-output>
          </reporter-output>
        </test-method> <!-- feature -->
        <test-method status="PASS" signature="tearDownClass()[pri:0, instance:Runner.TestRunner@5700d6b1]" name="tearDownClass" is-config="true" duration-ms="35" started-at="2021-03-07T02:49:31Z" finished-at="2021-03-07T02:49:32Z">
          <reporter-output>
          </reporter-output>
        </test-method> <!-- tearDownClass -->
      </class> <!-- Runner.TestRunner -->
    </test> <!-- Default test -->
  </suite> <!-- Default suite -->
</testng-results>
